[22/12/2022 09:34:49] /t
[22/12/2022 09:35:01] /i camera
[22/12/2022 09:35:04] /i tv camera
[22/12/2022 09:35:08] /goto mark
[22/12/2022 09:35:10] /goto mark
[22/12/2022 09:35:42] /goto tungs
[22/12/2022 09:35:44] /goto kevick
[22/12/2022 09:35:45] /goto netex
[22/12/2022 09:35:47] /i 12330
[22/12/2022 09:36:59] /reload actions
[22/12/2022 09:38:11] /r
[22/12/2022 09:38:14] /r
[23/12/2022 09:11:39] /m caterpie, 5
[23/12/2022 09:11:41] /m caterpie
[23/12/2022 09:11:42] /m caterpie
[23/12/2022 09:11:43] /m caterpie, 5
[23/12/2022 09:14:59] /m weedle
[23/12/2022 09:15:00] /m weedle
[23/12/2022 09:15:00] /m weedle
[23/12/2022 09:15:00] /m weedle
[23/12/2022 09:15:01] /m weedle
